<?xml version="1.0" encoding="UTF-8"?>
<!-- Generated by org.testng.reporters.JUnitXMLReporter -->
<testsuite ignored="8" hostname="Germans-MacBook-Pro.local" failures="0" tests="11" name="Surefire test" time="29.761" errors="0" timestamp="2021-08-30T18:46:49 CEST">
  <testcase classname="tests.DropdownTest" name="selectFirstValue" time="0.269"/>
  <testcase classname="tests.DropdownTest" name="selectSecondValue" time="0.195"/>
  <testcase classname="tests.CheckboxTest" name="checkFirst" time="0.117"/>
  <testcase classname="tests.CheckboxTest" name="checkSecond" time="0.031"/>
  <testcase classname="tests.CheckboxTest" name="uncheckFirst" time="0.22"/>
  <testcase classname="tests.CheckboxTest" name="uncheckSecond" time="0.132"/>
  <testcase classname="tests.BasicAuthTest" name="basicAuthentication" time="0.408"/>
  <testcase classname="tests.AddElementsTest" name="addElement" time="0.107"/>
  <testcase classname="tests.AddElementsTest" name="addRemoveElement" time="10.405"/>
  <testcase classname="tests.AddElementsTest" name="addSeveralElements" time="10.493"/>
  <testcase classname="tests.ContextMenuTest" name="openContextMenu" time="0.373"/>
  <testcase classname="tests.BaseTest" name="@AfterTest tearDown" time="0.0">
    <ignored/>
  </testcase> <!-- @AfterTest tearDown -->
  <testcase classname="tests.BaseTest" name="@AfterTest tearDown" time="0.0">
    <ignored/>
  </testcase> <!-- @AfterTest tearDown -->
  <testcase classname="tests.BaseTest" name="@AfterTest tearDown" time="0.0">
    <ignored/>
  </testcase> <!-- @AfterTest tearDown -->
  <testcase classname="tests.BaseTest" name="@AfterTest tearDown" time="0.0">
    <ignored/>
  </testcase> <!-- @AfterTest tearDown -->
  <testcase classname="tests.BaseTest" name="@BeforeSuite setUp" time="0.0">
    <ignored/>
  </testcase> <!-- @BeforeSuite setUp -->
  <testcase classname="tests.BaseTest" name="@BeforeSuite setUp" time="0.0">
    <ignored/>
  </testcase> <!-- @BeforeSuite setUp -->
  <testcase classname="tests.BaseTest" name="@BeforeSuite setUp" time="0.0">
    <ignored/>
  </testcase> <!-- @BeforeSuite setUp -->
  <testcase classname="tests.BaseTest" name="@BeforeSuite setUp" time="0.0">
    <ignored/>
  </testcase> <!-- @BeforeSuite setUp -->
</testsuite> <!-- Surefire test -->
