<?xml version="1.0" encoding="UTF-8"?>
<!-- Generated by org.testng.reporters.JUnitXMLReporter -->
<testsuite ignored="0" hostname="Germans-MacBook-Pro.local" failures="0" tests="4" name="Surefire test" time="43.264" errors="0" timestamp="2021-06-27T19:36:47 CEST">
  <testcase classname="Tests.BasicAuthTest" name="basicAuthentication" time="3.495"/>
  <testcase classname="Tests.AddElementsTest" name="addElement" time="0.09"/>
  <testcase classname="Tests.AddElementsTest" name="addRemoveElement" time="10.139"/>
  <testcase classname="Tests.AddElementsTest" name="addSeveralElements" time="10.27"/>
</testsuite> <!-- Surefire test -->
