<?xml version="1.0" encoding="UTF-8"?>
<!-- Generated by org.testng.reporters.JUnitXMLReporter -->
<testsuite ignored="2" hostname="Germans-MacBook-Pro.local" failures="0" tests="1" name="Default test" time="11.928" errors="0" timestamp="2021-06-28T20:28:10 CEST">
  <testcase classname="Tests.AddElementsTest" name="addElement" time="0.129"/>
  <testcase classname="Tests.AddElementsTest" name="addSeveralElements" time="0.0">
    <ignored/>
  </testcase> <!-- addSeveralElements -->
  <testcase classname="Tests.AddElementsTest" name="addRemoveElement" time="0.0">
    <ignored/>
  </testcase> <!-- addRemoveElement -->
</testsuite> <!-- Default test -->
