<?xml version="1.0" encoding="UTF-8"?>
<!-- Generated by org.testng.reporters.JUnitXMLReporter -->
<testsuite ignored="1" hostname="Germans-MacBook-Pro.local" failures="0" tests="5" name="Test" time="0.043" errors="0" timestamp="2021-01-30T19:03:21 CET">
  <testcase classname="maven_project.test_1.RESTAPITest" name="postJira" time="0.007"/>
  <testcase classname="maven_project.test_1.SeleniumTest" name="BrowserAutomationUi" time="0.001"/>
  <testcase classname="maven_project.test_1.SeleniumTest" name="elementsUi" time="0.001"/>
  <testcase classname="maven_project.test_1.AppiumTest" name="IOSApps" time="0.001"/>
  <testcase classname="maven_project.test_1.AppiumTest" name="NativeAppAndroid" time="0.0"/>
  <testcase classname="maven_project.test_1.RESTAPITest" name="deleteTwitter" time="0.0">
    <ignored/>
  </testcase> <!-- deleteTwitter -->
</testsuite> <!-- Test -->
