<?xml version="1.0" encoding="UTF-8"?>
<testsuite xmlns:xsi="http://www.w3.org/2001/XMLSchema-instance" xsi:noNamespaceSchemaLocation="https://maven.apache.org/surefire/maven-surefire-plugin/xsd/surefire-test-report.xsd" name="TestSuite" time="17.542" tests="27" errors="0" skipped="26" failures="1">
  <properties>
[...]
</properties>
  <testcase name="openPage" classname="tests.BasicAuthTest" time="17.156">
    <failure message="no such element: Unable to locate element: {&quot;method&quot;:&quot;xpath&quot;,&quot;selector&quot;:&quot;//li/a[@href = &apos;/basic_auth&apos;]&quot;}&#10;  (Session info: chrome=92.0.4515.107)&#10;For documentation on this error, please visit: https://www.seleniumhq.org/exceptions/no_such_element.html&#10;Build info: version: &apos;3.141.59&apos;, revision: &apos;e82be7d358&apos;, time: &apos;2018-11-14T08:17:03&apos;&#10;System info: host: &apos;Germans-MBP&apos;, ip: &apos;2a02:a03f:6823:db00:834:edd1:d2d6:7bd8%en0&apos;, os.name: &apos;Mac OS X&apos;, os.arch: &apos;x86_64&apos;, os.version: &apos;10.16&apos;, java.version: &apos;15.0.1&apos;&#10;Driver info: org.openqa.selenium.remote.RemoteWebDriver&#10;Capabilities {acceptInsecureCerts: false, browserName: chrome, browserVersion: 92.0.4515.107, chrome: {chromedriverVersion: 92.0.4515.107 (87a818b10553..., userDataDir: /tmp/.com.google.Chrome.iqVX5r}, goog:chromeOptions: {debuggerAddress: localhost:45195}, javascriptEnabled: true, networkConnectionEnabled: false, pageLoadStrategy: normal, platform: LINUX, platformName: LINUX, proxy: Proxy(), setWindowRect: true, strictFileInteractability: false, timeouts: {implicit: 0, pageLoad: 300000, script: 30000}, unhandledPromptBehavior: dismiss and notify, webauthn:extension:credBlob: true, webauthn:extension:largeBlob: true, webauthn:virtualAuthenticators: true, webdriver.remote.sessionid: 12fbf37a2bb369efeda9acc8de9...}&#10;Session ID: 12fbf37a2bb369efeda9acc8de9f2ba7&#10;*** Element info: {Using=xpath, value=//li/a[@href = &apos;/basic_auth&apos;]}" type="org.openqa.selenium.NoSuchElementException">org.openqa.selenium.NoSuchElementException: 
no such element: Unable to locate element: {"method":"xpath","selector":"//li/a[@href = '/basic_auth']"}
  (Session info: chrome=92.0.4515.107)
For documentation on this error, please visit: https://www.seleniumhq.org/exceptions/no_such_element.html
Build info: version: '3.141.59', revision: 'e82be7d358', time: '2018-11-14T08:17:03'
System info: host: 'Germans-MBP', ip: '2a02:a03f:6823:db00:834:edd1:d2d6:7bd8%en0', os.name: 'Mac OS X', os.arch: 'x86_64', os.version: '10.16', java.version: '15.0.1'
Driver info: org.openqa.selenium.remote.RemoteWebDriver
Capabilities {acceptInsecureCerts: false, browserName: chrome, browserVersion: 92.0.4515.107, chrome: {chromedriverVersion: 92.0.4515.107 (87a818b10553..., userDataDir: /tmp/.com.google.Chrome.iqVX5r}, goog:chromeOptions: {debuggerAddress: localhost:45195}, javascriptEnabled: true, networkConnectionEnabled: false, pageLoadStrategy: normal, platform: LINUX, platformName: LINUX, proxy: Proxy(), setWindowRect: true, strictFileInteractability: false, timeouts: {implicit: 0, pageLoad: 300000, script: 30000}, unhandledPromptBehavior: dismiss and notify, webauthn:extension:credBlob: true, webauthn:extension:largeBlob: true, webauthn:virtualAuthenticators: true, webdriver.remote.sessionid: 12fbf37a2bb369efeda9acc8de9...}
Session ID: 12fbf37a2bb369efeda9acc8de9f2ba7
*** Element info: {Using=xpath, value=//li/a[@href = '/basic_auth']}
	at tests.BasicAuthTest.openPage(BasicAuthTest.java:19)
</failure>
    <system-out><![CDATA[17:25:50.945 [main] INFO  seleniumCore.DriverManager - Open Remote Browser
17:25:56.702 [main] INFO  pages.TheInternetPage - Open page: Add/Remove Elements
17:25:57.185 [main] INFO  pages.AddElementsPage - Add/Remove Elements Page OPEN
17:25:57.271 [main] INFO  pages.TheInternetPage - Open page: Basic Authentication
]]></system-out>
    <system-err><![CDATA[SLF4J: Failed to load class "org.slf4j.impl.StaticLoggerBinder".
SLF4J: Defaulting to no-operation (NOP) logger implementation
SLF4J: See http://www.slf4j.org/codes.html#StaticLoggerBinder for further details.
Nov 07, 2021 5:25:54 PM org.openqa.selenium.remote.ProtocolHandshake createSession
INFO: Detected dialect: W3C
]]></system-err>
  </testcase>
  <testcase name="openPage" classname="tests.CheckboxTest" time="0">
    <skipped/>
  </testcase>
  <testcase name="openPage" classname="tests.ContextMenuTest" time="0">
    <skipped/>
  </testcase>
  <testcase name="openPage" classname="tests.DropdownTest" time="0">
    <skipped/>
  </testcase>
  <testcase name="selectFirstValue" classname="tests.DropdownTest" time="0">
    <skipped message="no such element: Unable to locate element: {&quot;method&quot;:&quot;xpath&quot;,&quot;selector&quot;:&quot;//li/a[@href = &apos;/basic_auth&apos;]&quot;}&#10;  (Session info: chrome=92.0.4515.107)&#10;For documentation on this error, please visit: https://www.seleniumhq.org/exceptions/no_such_element.html&#10;Build info: version: &apos;3.141.59&apos;, revision: &apos;e82be7d358&apos;, time: &apos;2018-11-14T08:17:03&apos;&#10;System info: host: &apos;Germans-MBP&apos;, ip: &apos;2a02:a03f:6823:db00:834:edd1:d2d6:7bd8%en0&apos;, os.name: &apos;Mac OS X&apos;, os.arch: &apos;x86_64&apos;, os.version: &apos;10.16&apos;, java.version: &apos;15.0.1&apos;&#10;Driver info: org.openqa.selenium.remote.RemoteWebDriver&#10;Capabilities {acceptInsecureCerts: false, browserName: chrome, browserVersion: 92.0.4515.107, chrome: {chromedriverVersion: 92.0.4515.107 (87a818b10553..., userDataDir: /tmp/.com.google.Chrome.iqVX5r}, goog:chromeOptions: {debuggerAddress: localhost:45195}, javascriptEnabled: true, networkConnectionEnabled: false, pageLoadStrategy: normal, platform: LINUX, platformName: LINUX, proxy: Proxy(), setWindowRect: true, strictFileInteractability: false, timeouts: {implicit: 0, pageLoad: 300000, script: 30000}, unhandledPromptBehavior: dismiss and notify, webauthn:extension:credBlob: true, webauthn:extension:largeBlob: true, webauthn:virtualAuthenticators: true, webdriver.remote.sessionid: 12fbf37a2bb369efeda9acc8de9...}&#10;Session ID: 12fbf37a2bb369efeda9acc8de9f2ba7&#10;*** Element info: {Using=xpath, value=//li/a[@href = &apos;/basic_auth&apos;]}"/>
  </testcase>
  <testcase name="takeScreenshotOnFailure" classname="tests.DropdownTest" time="0">
    <skipped/>
  </testcase>
  <testcase name="takeScreenshotOnFailure" classname="tests.DropdownTest" time="0">
    <skipped/>
  </testcase>
  <testcase name="selectSecondValue" classname="tests.DropdownTest" time="0">
    <skipped message="no such element: Unable to locate element: {&quot;method&quot;:&quot;xpath&quot;,&quot;selector&quot;:&quot;//li/a[@href = &apos;/basic_auth&apos;]&quot;}&#10;  (Session info: chrome=92.0.4515.107)&#10;For documentation on this error, please visit: https://www.seleniumhq.org/exceptions/no_such_element.html&#10;Build info: version: &apos;3.141.59&apos;, revision: &apos;e82be7d358&apos;, time: &apos;2018-11-14T08:17:03&apos;&#10;System info: host: &apos;Germans-MBP&apos;, ip: &apos;2a02:a03f:6823:db00:834:edd1:d2d6:7bd8%en0&apos;, os.name: &apos;Mac OS X&apos;, os.arch: &apos;x86_64&apos;, os.version: &apos;10.16&apos;, java.version: &apos;15.0.1&apos;&#10;Driver info: org.openqa.selenium.remote.RemoteWebDriver&#10;Capabilities {acceptInsecureCerts: false, browserName: chrome, browserVersion: 92.0.4515.107, chrome: {chromedriverVersion: 92.0.4515.107 (87a818b10553..., userDataDir: /tmp/.com.google.Chrome.iqVX5r}, goog:chromeOptions: {debuggerAddress: localhost:45195}, javascriptEnabled: true, networkConnectionEnabled: false, pageLoadStrategy: normal, platform: LINUX, platformName: LINUX, proxy: Proxy(), setWindowRect: true, strictFileInteractability: false, timeouts: {implicit: 0, pageLoad: 300000, script: 30000}, unhandledPromptBehavior: dismiss and notify, webauthn:extension:credBlob: true, webauthn:extension:largeBlob: true, webauthn:virtualAuthenticators: true, webdriver.remote.sessionid: 12fbf37a2bb369efeda9acc8de9...}&#10;Session ID: 12fbf37a2bb369efeda9acc8de9f2ba7&#10;*** Element info: {Using=xpath, value=//li/a[@href = &apos;/basic_auth&apos;]}"/>
  </testcase>
  <testcase name="checkFirst" classname="tests.CheckboxTest" time="0">
    <skipped message="no such element: Unable to locate element: {&quot;method&quot;:&quot;xpath&quot;,&quot;selector&quot;:&quot;//li/a[@href = &apos;/basic_auth&apos;]&quot;}&#10;  (Session info: chrome=92.0.4515.107)&#10;For documentation on this error, please visit: https://www.seleniumhq.org/exceptions/no_such_element.html&#10;Build info: version: &apos;3.141.59&apos;, revision: &apos;e82be7d358&apos;, time: &apos;2018-11-14T08:17:03&apos;&#10;System info: host: &apos;Germans-MBP&apos;, ip: &apos;2a02:a03f:6823:db00:834:edd1:d2d6:7bd8%en0&apos;, os.name: &apos;Mac OS X&apos;, os.arch: &apos;x86_64&apos;, os.version: &apos;10.16&apos;, java.version: &apos;15.0.1&apos;&#10;Driver info: org.openqa.selenium.remote.RemoteWebDriver&#10;Capabilities {acceptInsecureCerts: false, browserName: chrome, browserVersion: 92.0.4515.107, chrome: {chromedriverVersion: 92.0.4515.107 (87a818b10553..., userDataDir: /tmp/.com.google.Chrome.iqVX5r}, goog:chromeOptions: {debuggerAddress: localhost:45195}, javascriptEnabled: true, networkConnectionEnabled: false, pageLoadStrategy: normal, platform: LINUX, platformName: LINUX, proxy: Proxy(), setWindowRect: true, strictFileInteractability: false, timeouts: {implicit: 0, pageLoad: 300000, script: 30000}, unhandledPromptBehavior: dismiss and notify, webauthn:extension:credBlob: true, webauthn:extension:largeBlob: true, webauthn:virtualAuthenticators: true, webdriver.remote.sessionid: 12fbf37a2bb369efeda9acc8de9...}&#10;Session ID: 12fbf37a2bb369efeda9acc8de9f2ba7&#10;*** Element info: {Using=xpath, value=//li/a[@href = &apos;/basic_auth&apos;]}"/>
  </testcase>
  <testcase name="takeScreenshotOnFailure" classname="tests.CheckboxTest" time="0">
    <skipped/>
  </testcase>
  <testcase name="takeScreenshotOnFailure" classname="tests.CheckboxTest" time="0">
    <skipped/>
  </testcase>
  <testcase name="takeScreenshotOnFailure" classname="tests.CheckboxTest" time="0">
    <skipped/>
  </testcase>
  <testcase name="takeScreenshotOnFailure" classname="tests.CheckboxTest" time="0">
    <skipped/>
  </testcase>
  <testcase name="checkSecond" classname="tests.CheckboxTest" time="0">
    <skipped message="no such element: Unable to locate element: {&quot;method&quot;:&quot;xpath&quot;,&quot;selector&quot;:&quot;//li/a[@href = &apos;/basic_auth&apos;]&quot;}&#10;  (Session info: chrome=92.0.4515.107)&#10;For documentation on this error, please visit: https://www.seleniumhq.org/exceptions/no_such_element.html&#10;Build info: version: &apos;3.141.59&apos;, revision: &apos;e82be7d358&apos;, time: &apos;2018-11-14T08:17:03&apos;&#10;System info: host: &apos;Germans-MBP&apos;, ip: &apos;2a02:a03f:6823:db00:834:edd1:d2d6:7bd8%en0&apos;, os.name: &apos;Mac OS X&apos;, os.arch: &apos;x86_64&apos;, os.version: &apos;10.16&apos;, java.version: &apos;15.0.1&apos;&#10;Driver info: org.openqa.selenium.remote.RemoteWebDriver&#10;Capabilities {acceptInsecureCerts: false, browserName: chrome, browserVersion: 92.0.4515.107, chrome: {chromedriverVersion: 92.0.4515.107 (87a818b10553..., userDataDir: /tmp/.com.google.Chrome.iqVX5r}, goog:chromeOptions: {debuggerAddress: localhost:45195}, javascriptEnabled: true, networkConnectionEnabled: false, pageLoadStrategy: normal, platform: LINUX, platformName: LINUX, proxy: Proxy(), setWindowRect: true, strictFileInteractability: false, timeouts: {implicit: 0, pageLoad: 300000, script: 30000}, unhandledPromptBehavior: dismiss and notify, webauthn:extension:credBlob: true, webauthn:extension:largeBlob: true, webauthn:virtualAuthenticators: true, webdriver.remote.sessionid: 12fbf37a2bb369efeda9acc8de9...}&#10;Session ID: 12fbf37a2bb369efeda9acc8de9f2ba7&#10;*** Element info: {Using=xpath, value=//li/a[@href = &apos;/basic_auth&apos;]}"/>
  </testcase>
  <testcase name="uncheckFirst" classname="tests.CheckboxTest" time="0">
    <skipped message="no such element: Unable to locate element: {&quot;method&quot;:&quot;xpath&quot;,&quot;selector&quot;:&quot;//li/a[@href = &apos;/basic_auth&apos;]&quot;}&#10;  (Session info: chrome=92.0.4515.107)&#10;For documentation on this error, please visit: https://www.seleniumhq.org/exceptions/no_such_element.html&#10;Build info: version: &apos;3.141.59&apos;, revision: &apos;e82be7d358&apos;, time: &apos;2018-11-14T08:17:03&apos;&#10;System info: host: &apos;Germans-MBP&apos;, ip: &apos;2a02:a03f:6823:db00:834:edd1:d2d6:7bd8%en0&apos;, os.name: &apos;Mac OS X&apos;, os.arch: &apos;x86_64&apos;, os.version: &apos;10.16&apos;, java.version: &apos;15.0.1&apos;&#10;Driver info: org.openqa.selenium.remote.RemoteWebDriver&#10;Capabilities {acceptInsecureCerts: false, browserName: chrome, browserVersion: 92.0.4515.107, chrome: {chromedriverVersion: 92.0.4515.107 (87a818b10553..., userDataDir: /tmp/.com.google.Chrome.iqVX5r}, goog:chromeOptions: {debuggerAddress: localhost:45195}, javascriptEnabled: true, networkConnectionEnabled: false, pageLoadStrategy: normal, platform: LINUX, platformName: LINUX, proxy: Proxy(), setWindowRect: true, strictFileInteractability: false, timeouts: {implicit: 0, pageLoad: 300000, script: 30000}, unhandledPromptBehavior: dismiss and notify, webauthn:extension:credBlob: true, webauthn:extension:largeBlob: true, webauthn:virtualAuthenticators: true, webdriver.remote.sessionid: 12fbf37a2bb369efeda9acc8de9...}&#10;Session ID: 12fbf37a2bb369efeda9acc8de9f2ba7&#10;*** Element info: {Using=xpath, value=//li/a[@href = &apos;/basic_auth&apos;]}"/>
  </testcase>
  <testcase name="uncheckSecond" classname="tests.CheckboxTest" time="0">
    <skipped message="no such element: Unable to locate element: {&quot;method&quot;:&quot;xpath&quot;,&quot;selector&quot;:&quot;//li/a[@href = &apos;/basic_auth&apos;]&quot;}&#10;  (Session info: chrome=92.0.4515.107)&#10;For documentation on this error, please visit: https://www.seleniumhq.org/exceptions/no_such_element.html&#10;Build info: version: &apos;3.141.59&apos;, revision: &apos;e82be7d358&apos;, time: &apos;2018-11-14T08:17:03&apos;&#10;System info: host: &apos;Germans-MBP&apos;, ip: &apos;2a02:a03f:6823:db00:834:edd1:d2d6:7bd8%en0&apos;, os.name: &apos;Mac OS X&apos;, os.arch: &apos;x86_64&apos;, os.version: &apos;10.16&apos;, java.version: &apos;15.0.1&apos;&#10;Driver info: org.openqa.selenium.remote.RemoteWebDriver&#10;Capabilities {acceptInsecureCerts: false, browserName: chrome, browserVersion: 92.0.4515.107, chrome: {chromedriverVersion: 92.0.4515.107 (87a818b10553..., userDataDir: /tmp/.com.google.Chrome.iqVX5r}, goog:chromeOptions: {debuggerAddress: localhost:45195}, javascriptEnabled: true, networkConnectionEnabled: false, pageLoadStrategy: normal, platform: LINUX, platformName: LINUX, proxy: Proxy(), setWindowRect: true, strictFileInteractability: false, timeouts: {implicit: 0, pageLoad: 300000, script: 30000}, unhandledPromptBehavior: dismiss and notify, webauthn:extension:credBlob: true, webauthn:extension:largeBlob: true, webauthn:virtualAuthenticators: true, webdriver.remote.sessionid: 12fbf37a2bb369efeda9acc8de9...}&#10;Session ID: 12fbf37a2bb369efeda9acc8de9f2ba7&#10;*** Element info: {Using=xpath, value=//li/a[@href = &apos;/basic_auth&apos;]}"/>
  </testcase>
  <testcase name="basicAuthentication" classname="tests.BasicAuthTest" time="0">
    <skipped message="no such element: Unable to locate element: {&quot;method&quot;:&quot;xpath&quot;,&quot;selector&quot;:&quot;//li/a[@href = &apos;/basic_auth&apos;]&quot;}&#10;  (Session info: chrome=92.0.4515.107)&#10;For documentation on this error, please visit: https://www.seleniumhq.org/exceptions/no_such_element.html&#10;Build info: version: &apos;3.141.59&apos;, revision: &apos;e82be7d358&apos;, time: &apos;2018-11-14T08:17:03&apos;&#10;System info: host: &apos;Germans-MBP&apos;, ip: &apos;2a02:a03f:6823:db00:834:edd1:d2d6:7bd8%en0&apos;, os.name: &apos;Mac OS X&apos;, os.arch: &apos;x86_64&apos;, os.version: &apos;10.16&apos;, java.version: &apos;15.0.1&apos;&#10;Driver info: org.openqa.selenium.remote.RemoteWebDriver&#10;Capabilities {acceptInsecureCerts: false, browserName: chrome, browserVersion: 92.0.4515.107, chrome: {chromedriverVersion: 92.0.4515.107 (87a818b10553..., userDataDir: /tmp/.com.google.Chrome.iqVX5r}, goog:chromeOptions: {debuggerAddress: localhost:45195}, javascriptEnabled: true, networkConnectionEnabled: false, pageLoadStrategy: normal, platform: LINUX, platformName: LINUX, proxy: Proxy(), setWindowRect: true, strictFileInteractability: false, timeouts: {implicit: 0, pageLoad: 300000, script: 30000}, unhandledPromptBehavior: dismiss and notify, webauthn:extension:credBlob: true, webauthn:extension:largeBlob: true, webauthn:virtualAuthenticators: true, webdriver.remote.sessionid: 12fbf37a2bb369efeda9acc8de9...}&#10;Session ID: 12fbf37a2bb369efeda9acc8de9f2ba7&#10;*** Element info: {Using=xpath, value=//li/a[@href = &apos;/basic_auth&apos;]}"/>
  </testcase>
  <testcase name="takeScreenshotOnFailure" classname="tests.BasicAuthTest" time="0">
    <skipped/>
  </testcase>
  <testcase name="addElement" classname="tests.AddElementsTest" time="0">
    <skipped message="no such element: Unable to locate element: {&quot;method&quot;:&quot;xpath&quot;,&quot;selector&quot;:&quot;//li/a[@href = &apos;/basic_auth&apos;]&quot;}&#10;  (Session info: chrome=92.0.4515.107)&#10;For documentation on this error, please visit: https://www.seleniumhq.org/exceptions/no_such_element.html&#10;Build info: version: &apos;3.141.59&apos;, revision: &apos;e82be7d358&apos;, time: &apos;2018-11-14T08:17:03&apos;&#10;System info: host: &apos;Germans-MBP&apos;, ip: &apos;2a02:a03f:6823:db00:834:edd1:d2d6:7bd8%en0&apos;, os.name: &apos;Mac OS X&apos;, os.arch: &apos;x86_64&apos;, os.version: &apos;10.16&apos;, java.version: &apos;15.0.1&apos;&#10;Driver info: org.openqa.selenium.remote.RemoteWebDriver&#10;Capabilities {acceptInsecureCerts: false, browserName: chrome, browserVersion: 92.0.4515.107, chrome: {chromedriverVersion: 92.0.4515.107 (87a818b10553..., userDataDir: /tmp/.com.google.Chrome.iqVX5r}, goog:chromeOptions: {debuggerAddress: localhost:45195}, javascriptEnabled: true, networkConnectionEnabled: false, pageLoadStrategy: normal, platform: LINUX, platformName: LINUX, proxy: Proxy(), setWindowRect: true, strictFileInteractability: false, timeouts: {implicit: 0, pageLoad: 300000, script: 30000}, unhandledPromptBehavior: dismiss and notify, webauthn:extension:credBlob: true, webauthn:extension:largeBlob: true, webauthn:virtualAuthenticators: true, webdriver.remote.sessionid: 12fbf37a2bb369efeda9acc8de9...}&#10;Session ID: 12fbf37a2bb369efeda9acc8de9f2ba7&#10;*** Element info: {Using=xpath, value=//li/a[@href = &apos;/basic_auth&apos;]}"/>
  </testcase>
  <testcase name="takeScreenshotOnFailure" classname="tests.AddElementsTest" time="0">
    <skipped/>
  </testcase>
  <testcase name="takeScreenshotOnFailure" classname="tests.AddElementsTest" time="0">
    <skipped/>
  </testcase>
  <testcase name="takeScreenshotOnFailure" classname="tests.AddElementsTest" time="0">
    <skipped/>
  </testcase>
  <testcase name="addRemoveElement" classname="tests.AddElementsTest" time="0">
    <skipped message="no such element: Unable to locate element: {&quot;method&quot;:&quot;xpath&quot;,&quot;selector&quot;:&quot;//li/a[@href = &apos;/basic_auth&apos;]&quot;}&#10;  (Session info: chrome=92.0.4515.107)&#10;For documentation on this error, please visit: https://www.seleniumhq.org/exceptions/no_such_element.html&#10;Build info: version: &apos;3.141.59&apos;, revision: &apos;e82be7d358&apos;, time: &apos;2018-11-14T08:17:03&apos;&#10;System info: host: &apos;Germans-MBP&apos;, ip: &apos;2a02:a03f:6823:db00:834:edd1:d2d6:7bd8%en0&apos;, os.name: &apos;Mac OS X&apos;, os.arch: &apos;x86_64&apos;, os.version: &apos;10.16&apos;, java.version: &apos;15.0.1&apos;&#10;Driver info: org.openqa.selenium.remote.RemoteWebDriver&#10;Capabilities {acceptInsecureCerts: false, browserName: chrome, browserVersion: 92.0.4515.107, chrome: {chromedriverVersion: 92.0.4515.107 (87a818b10553..., userDataDir: /tmp/.com.google.Chrome.iqVX5r}, goog:chromeOptions: {debuggerAddress: localhost:45195}, javascriptEnabled: true, networkConnectionEnabled: false, pageLoadStrategy: normal, platform: LINUX, platformName: LINUX, proxy: Proxy(), setWindowRect: true, strictFileInteractability: false, timeouts: {implicit: 0, pageLoad: 300000, script: 30000}, unhandledPromptBehavior: dismiss and notify, webauthn:extension:credBlob: true, webauthn:extension:largeBlob: true, webauthn:virtualAuthenticators: true, webdriver.remote.sessionid: 12fbf37a2bb369efeda9acc8de9...}&#10;Session ID: 12fbf37a2bb369efeda9acc8de9f2ba7&#10;*** Element info: {Using=xpath, value=//li/a[@href = &apos;/basic_auth&apos;]}"/>
  </testcase>
  <testcase name="addSeveralElements" classname="tests.AddElementsTest" time="0">
    <skipped message="no such element: Unable to locate element: {&quot;method&quot;:&quot;xpath&quot;,&quot;selector&quot;:&quot;//li/a[@href = &apos;/basic_auth&apos;]&quot;}&#10;  (Session info: chrome=92.0.4515.107)&#10;For documentation on this error, please visit: https://www.seleniumhq.org/exceptions/no_such_element.html&#10;Build info: version: &apos;3.141.59&apos;, revision: &apos;e82be7d358&apos;, time: &apos;2018-11-14T08:17:03&apos;&#10;System info: host: &apos;Germans-MBP&apos;, ip: &apos;2a02:a03f:6823:db00:834:edd1:d2d6:7bd8%en0&apos;, os.name: &apos;Mac OS X&apos;, os.arch: &apos;x86_64&apos;, os.version: &apos;10.16&apos;, java.version: &apos;15.0.1&apos;&#10;Driver info: org.openqa.selenium.remote.RemoteWebDriver&#10;Capabilities {acceptInsecureCerts: false, browserName: chrome, browserVersion: 92.0.4515.107, chrome: {chromedriverVersion: 92.0.4515.107 (87a818b10553..., userDataDir: /tmp/.com.google.Chrome.iqVX5r}, goog:chromeOptions: {debuggerAddress: localhost:45195}, javascriptEnabled: true, networkConnectionEnabled: false, pageLoadStrategy: normal, platform: LINUX, platformName: LINUX, proxy: Proxy(), setWindowRect: true, strictFileInteractability: false, timeouts: {implicit: 0, pageLoad: 300000, script: 30000}, unhandledPromptBehavior: dismiss and notify, webauthn:extension:credBlob: true, webauthn:extension:largeBlob: true, webauthn:virtualAuthenticators: true, webdriver.remote.sessionid: 12fbf37a2bb369efeda9acc8de9...}&#10;Session ID: 12fbf37a2bb369efeda9acc8de9f2ba7&#10;*** Element info: {Using=xpath, value=//li/a[@href = &apos;/basic_auth&apos;]}"/>
  </testcase>
  <testcase name="openContextMenu" classname="tests.ContextMenuTest" time="0">
    <skipped message="no such element: Unable to locate element: {&quot;method&quot;:&quot;xpath&quot;,&quot;selector&quot;:&quot;//li/a[@href = &apos;/basic_auth&apos;]&quot;}&#10;  (Session info: chrome=92.0.4515.107)&#10;For documentation on this error, please visit: https://www.seleniumhq.org/exceptions/no_such_element.html&#10;Build info: version: &apos;3.141.59&apos;, revision: &apos;e82be7d358&apos;, time: &apos;2018-11-14T08:17:03&apos;&#10;System info: host: &apos;Germans-MBP&apos;, ip: &apos;2a02:a03f:6823:db00:834:edd1:d2d6:7bd8%en0&apos;, os.name: &apos;Mac OS X&apos;, os.arch: &apos;x86_64&apos;, os.version: &apos;10.16&apos;, java.version: &apos;15.0.1&apos;&#10;Driver info: org.openqa.selenium.remote.RemoteWebDriver&#10;Capabilities {acceptInsecureCerts: false, browserName: chrome, browserVersion: 92.0.4515.107, chrome: {chromedriverVersion: 92.0.4515.107 (87a818b10553..., userDataDir: /tmp/.com.google.Chrome.iqVX5r}, goog:chromeOptions: {debuggerAddress: localhost:45195}, javascriptEnabled: true, networkConnectionEnabled: false, pageLoadStrategy: normal, platform: LINUX, platformName: LINUX, proxy: Proxy(), setWindowRect: true, strictFileInteractability: false, timeouts: {implicit: 0, pageLoad: 300000, script: 30000}, unhandledPromptBehavior: dismiss and notify, webauthn:extension:credBlob: true, webauthn:extension:largeBlob: true, webauthn:virtualAuthenticators: true, webdriver.remote.sessionid: 12fbf37a2bb369efeda9acc8de9...}&#10;Session ID: 12fbf37a2bb369efeda9acc8de9f2ba7&#10;*** Element info: {Using=xpath, value=//li/a[@href = &apos;/basic_auth&apos;]}"/>
  </testcase>
  <testcase name="takeScreenshotOnFailure" classname="tests.ContextMenuTest" time="0">
    <skipped/>
  </testcase>
  <testcase name="tearDown" classname="tests.DropdownTest" time="0">
    <skipped/>
  </testcase>
</testsuite>