<?xml version="1.0" encoding="UTF-8"?>
<testng-results ignored="8" total="19" passed="11" failed="0" skipped="0">
  <reporter-output>
  </reporter-output>
  <suite started-at="2021-08-30T18:49:24 CEST" name="Testing The Internet App Suite" finished-at="2021-08-30T18:49:54 CEST" duration-ms="30561">
    <groups>
    </groups>
    <test started-at="2021-08-30T18:49:24 CEST" name="Regression-1" finished-at="2021-08-30T18:49:54 CEST" duration-ms="30561">
      <class name="tests.CheckboxTest">
        <test-method is-config="true" signature="openPage()[pri:0, instance:tests.CheckboxTest@dfddc9a]" started-at="2021-08-30T18:49:28 CEST" name="openPage" description="Start WebDriver and Open The Internet Page" finished-at="2021-08-30T18:49:28 CEST" duration-ms="460" status="PASS">
          <reporter-output>
          </reporter-output>
        </test-method> <!-- openPage -->
        <test-method signature="checkFirst()[pri:0, instance:tests.CheckboxTest@dfddc9a]" started-at="2021-08-30T18:49:28 CEST" name="checkFirst" finished-at="2021-08-30T18:49:29 CEST" duration-ms="152" status="PASS">
          <reporter-output>
          </reporter-output>
        </test-method> <!-- checkFirst -->
        <test-method is-config="true" signature="openPage()[pri:0, instance:tests.CheckboxTest@dfddc9a]" started-at="2021-08-30T18:49:29 CEST" name="openPage" description="Start WebDriver and Open The Internet Page" finished-at="2021-08-30T18:49:29 CEST" duration-ms="515" status="PASS">
          <reporter-output>
          </reporter-output>
        </test-method> <!-- openPage -->
        <test-method signature="checkSecond()[pri:0, instance:tests.CheckboxTest@dfddc9a]" started-at="2021-08-30T18:49:29 CEST" name="checkSecond" finished-at="2021-08-30T18:49:29 CEST" duration-ms="48" status="PASS">
          <reporter-output>
          </reporter-output>
        </test-method> <!-- checkSecond -->
        <test-method is-config="true" signature="openPage()[pri:0, instance:tests.CheckboxTest@dfddc9a]" started-at="2021-08-30T18:49:29 CEST" name="openPage" description="Start WebDriver and Open The Internet Page" finished-at="2021-08-30T18:49:30 CEST" duration-ms="509" status="PASS">
          <reporter-output>
          </reporter-output>
        </test-method> <!-- openPage -->
        <test-method signature="uncheckFirst()[pri:0, instance:tests.CheckboxTest@dfddc9a]" started-at="2021-08-30T18:49:30 CEST" name="uncheckFirst" finished-at="2021-08-30T18:49:30 CEST" duration-ms="271" status="PASS">
          <reporter-output>
          </reporter-output>
        </test-method> <!-- uncheckFirst -->
        <test-method is-config="true" signature="openPage()[pri:0, instance:tests.CheckboxTest@dfddc9a]" started-at="2021-08-30T18:49:30 CEST" name="openPage" description="Start WebDriver and Open The Internet Page" finished-at="2021-08-30T18:49:30 CEST" duration-ms="512" status="PASS">
          <reporter-output>
          </reporter-output>
        </test-method> <!-- openPage -->
        <test-method signature="uncheckSecond()[pri:0, instance:tests.CheckboxTest@dfddc9a]" started-at="2021-08-30T18:49:30 CEST" name="uncheckSecond" finished-at="2021-08-30T18:49:31 CEST" duration-ms="163" status="PASS">
          <reporter-output>
          </reporter-output>
        </test-method> <!-- uncheckSecond -->
      </class> <!-- tests.CheckboxTest -->
      <class name="tests.AddElementsTest">
        <test-method is-config="true" signature="openPage()[pri:0, instance:tests.AddElementsTest@5e8ac0e1]" started-at="2021-08-30T18:49:31 CEST" name="openPage" description="Start WebDriver and Open The Internet Page" finished-at="2021-08-30T18:49:32 CEST" duration-ms="512" status="PASS">
          <reporter-output>
          </reporter-output>
        </test-method> <!-- openPage -->
        <test-method signature="addElement()[pri:0, instance:tests.AddElementsTest@5e8ac0e1]" started-at="2021-08-30T18:49:32 CEST" name="addElement" finished-at="2021-08-30T18:49:32 CEST" duration-ms="107" status="PASS">
          <reporter-output>
          </reporter-output>
        </test-method> <!-- addElement -->
        <test-method is-config="true" signature="openPage()[pri:0, instance:tests.AddElementsTest@5e8ac0e1]" started-at="2021-08-30T18:49:32 CEST" name="openPage" description="Start WebDriver and Open The Internet Page" finished-at="2021-08-30T18:49:32 CEST" duration-ms="461" status="PASS">
          <reporter-output>
          </reporter-output>
        </test-method> <!-- openPage -->
        <test-method signature="addRemoveElement()[pri:0, instance:tests.AddElementsTest@5e8ac0e1]" started-at="2021-08-30T18:49:32 CEST" name="addRemoveElement" finished-at="2021-08-30T18:49:43 CEST" duration-ms="10250" status="PASS">
          <reporter-output>
          </reporter-output>
        </test-method> <!-- addRemoveElement -->
        <test-method is-config="true" signature="openPage()[pri:0, instance:tests.AddElementsTest@5e8ac0e1]" started-at="2021-08-30T18:49:43 CEST" name="openPage" description="Start WebDriver and Open The Internet Page" finished-at="2021-08-30T18:49:43 CEST" duration-ms="480" status="PASS">
          <reporter-output>
          </reporter-output>
        </test-method> <!-- openPage -->
        <test-method signature="addSeveralElements()[pri:0, instance:tests.AddElementsTest@5e8ac0e1]" started-at="2021-08-30T18:49:43 CEST" name="addSeveralElements" finished-at="2021-08-30T18:49:54 CEST" duration-ms="10458" status="PASS">
          <reporter-output>
          </reporter-output>
        </test-method> <!-- addSeveralElements -->
      </class> <!-- tests.AddElementsTest -->
      <class name="tests.BasicAuthTest">
        <test-method is-config="true" signature="openPage()[pri:0, instance:tests.BasicAuthTest@4b9df8a]" started-at="2021-08-30T18:49:31 CEST" name="openPage" finished-at="2021-08-30T18:49:31 CEST" duration-ms="415" status="PASS">
          <reporter-output>
          </reporter-output>
        </test-method> <!-- openPage -->
        <test-method signature="basicAuthentication()[pri:0, instance:tests.BasicAuthTest@4b9df8a]" started-at="2021-08-30T18:49:31 CEST" name="basicAuthentication" finished-at="2021-08-30T18:49:31 CEST" duration-ms="399" status="PASS">
          <reporter-output>
          </reporter-output>
        </test-method> <!-- basicAuthentication -->
      </class> <!-- tests.BasicAuthTest -->
      <class name="tests.DropdownTest">
        <test-method is-config="true" signature="setUp()[pri:0, instance:tests.DropdownTest@349c1daf]" started-at="2021-08-30T18:49:22 CEST" name="setUp" finished-at="2021-08-30T18:49:24 CEST" duration-ms="1412" status="PASS">
          <reporter-output>
          </reporter-output>
        </test-method> <!-- setUp -->
        <test-method is-config="true" signature="openPage()[pri:0, instance:tests.DropdownTest@349c1daf]" started-at="2021-08-30T18:49:24 CEST" name="openPage" description="Start WebDriver and Open The Internet Page" finished-at="2021-08-30T18:49:27 CEST" duration-ms="3083" status="PASS">
          <reporter-output>
          </reporter-output>
        </test-method> <!-- openPage -->
        <test-method signature="selectFirstValue()[pri:0, instance:tests.DropdownTest@349c1daf]" started-at="2021-08-30T18:49:27 CEST" name="selectFirstValue" finished-at="2021-08-30T18:49:27 CEST" duration-ms="236" status="PASS">
          <reporter-output>
          </reporter-output>
        </test-method> <!-- selectFirstValue -->
        <test-method is-config="true" signature="openPage()[pri:0, instance:tests.DropdownTest@349c1daf]" started-at="2021-08-30T18:49:27 CEST" name="openPage" description="Start WebDriver and Open The Internet Page" finished-at="2021-08-30T18:49:28 CEST" duration-ms="439" status="PASS">
          <reporter-output>
          </reporter-output>
        </test-method> <!-- openPage -->
        <test-method signature="selectSecondValue()[pri:0, instance:tests.DropdownTest@349c1daf]" started-at="2021-08-30T18:49:28 CEST" name="selectSecondValue" finished-at="2021-08-30T18:49:28 CEST" duration-ms="193" status="PASS">
          <reporter-output>
          </reporter-output>
        </test-method> <!-- selectSecondValue -->
        <test-method is-config="true" signature="tearDown()[pri:0, instance:tests.DropdownTest@349c1daf]" started-at="2021-08-30T18:49:54 CEST" name="tearDown" description="Quit WebDriver" finished-at="2021-08-30T18:49:54 CEST" duration-ms="61" status="PASS">
          <reporter-output>
          </reporter-output>
        </test-method> <!-- tearDown -->
      </class> <!-- tests.DropdownTest -->
      <class name="tests.ContextMenuTest">
        <test-method is-config="true" signature="openPage()[pri:0, instance:tests.ContextMenuTest@aafcffa]" started-at="2021-08-30T18:49:54 CEST" name="openPage" description="Start WebDriver and Open The Internet Page" finished-at="2021-08-30T18:49:54 CEST" duration-ms="524" status="PASS">
          <reporter-output>
          </reporter-output>
        </test-method> <!-- openPage -->
        <test-method signature="openContextMenu()[pri:0, instance:tests.ContextMenuTest@aafcffa]" started-at="2021-08-30T18:49:54 CEST" name="openContextMenu" finished-at="2021-08-30T18:49:54 CEST" duration-ms="173" status="PASS">
          <reporter-output>
          </reporter-output>
        </test-method> <!-- openContextMenu -->
      </class> <!-- tests.ContextMenuTest -->
    </test> <!-- Regression-1 -->
  </suite> <!-- Testing The Internet App Suite -->
</testng-results>
