<?xml version="1.0" encoding="UTF-8"?>
<testng-results ignored="2" total="3" passed="1" failed="0" skipped="0">
  <reporter-output>
  </reporter-output>
  <suite started-at="2021-06-28T20:27:58 CEST" name="Default suite" finished-at="2021-06-28T20:28:10 CEST" duration-ms="11928">
    <groups>
    </groups>
    <test started-at="2021-06-28T20:27:58 CEST" name="Default test" finished-at="2021-06-28T20:28:10 CEST" duration-ms="11928">
      <class name="Tests.AddElementsTest">
        <test-method is-config="true" signature="setUp()[pri:0, instance:Tests.AddElementsTest@5a021cb9]" started-at="2021-06-28T20:27:58 CEST" name="setUp" description="Start WebDriver and Open The Internet Page" finished-at="2021-06-28T20:28:09 CEST" duration-ms="11639" status="PASS">
          <reporter-output>
          </reporter-output>
        </test-method> <!-- setUp -->
        <test-method signature="addElement()[pri:0, instance:Tests.AddElementsTest@5a021cb9]" started-at="2021-06-28T20:28:10 CEST" name="addElement" finished-at="2021-06-28T20:28:10 CEST" duration-ms="129" status="PASS">
          <reporter-output>
          </reporter-output>
        </test-method> <!-- addElement -->
        <test-method is-config="true" signature="tearDown()[pri:0, instance:Tests.AddElementsTest@5a021cb9]" started-at="2021-06-28T20:28:10 CEST" name="tearDown" description="Quit WebDriver" finished-at="2021-06-28T20:28:10 CEST" duration-ms="87" status="PASS">
          <reporter-output>
          </reporter-output>
        </test-method> <!-- tearDown -->
      </class> <!-- Tests.AddElementsTest -->
    </test> <!-- Default test -->
  </suite> <!-- Default suite -->
</testng-results>
